309
0 2
1
4
6 51
8 10
12 27
15 18
19
20 26
25
30 40
31 36
32 47
37 44
46 76
49 67
52 55
53 88
54 65
57 64
58 72
59 93
61 66
68 82
69 85
71 84
79 91
80 129
83
86 128
87
90
92
94 95
96 104
97 123
99 102
101 116
103
105 108
109
114 150
115 117
118 119
124 133
125
126 138
130 131
134 147
137 143
141
144 151
146 156
152 155
153 157
158 161
159
160 172
162 165
163 168
169 171
173 175
180 188
182 185
183 200
190 191
194
195 204
198 236
199 234
205
206 231
207 221
212
214 226
215 238
218 224
219
222
223 324
227 246
228
237 248
242 257
243 252
244 249
250 269
253 259
256 262
260
263 264
266 271
270 273
280 291
285 289
287
288 290
292
295 438
297 310
304 372
306 318
307 321
322 331
327 330
328
335 336
337 341
338 376
339 350
343 344
345 363
348
351
353 365
355 359
366 368
367
371 382
373 383
375 385
378
384 392
386 398
388 390
389
394 409
395 401
396
399 403
402 417
404
405 407
408 410
413 428
414 415
416
418 424
419 422
420
426 454
427 469
429
430
432 478
434 444
437 447
441
442
443 461
445 466
449 470
450
452 459
455 481
458 464
465 471
467
474 475
476 487
482 494
484 543
488
490 513
491
492 521
495 518
496 503
498 510
501 524
504
511 522
512 517
516
520
523 566
525 534
526
527 562
528 553
529 552
535 544
537 563
539
542 545
547 564
548 571
558 572
565
568 620
573 581
577 580
578 586
579 585
582 583
584
587 598
589 590
595 601
599 608
600 615
603 617
607 612
609 624
616
618 619
622 651
625 636
628 657
629
630 632
631 633
634 635
637 643
644
653 659
656
660 664
661 662
665 698
666 668
670 673
674 681
675 676
683 684
685 697
686 695
689 700
693
696 703
699 714
701 710
705 720
709 716
711 735
715 740
717 759
719
721 769
726 731
728
730
733
736
737 753
738
744 808
749 770
750 782
751 752
757
758 760
761
762 765
763 773
774 788
781 797
783 824
789 801
793 794
795 825
796 813
798 810
800 891
805 806
809
814 816
817 832
818 834
828 837
830
833 835
838 840
841 846
845
847 853
848
856 943
857 858
861 873
862 866
868 879
871 897
872 903
875
876 894
881 882
883 912
884 915
885 892
890
898 901
899
902 932
904 911
909 910
916 929
918 920
919 927
928 930
933
934 937
940 947
941 949
945 953
946 960
950
994
995 996
